<?xml version="1.0" encoding="UTF-8"?>
<testsuite xmlns:xsi="http://www.w3.org/2001/XMLSchema-instance" xsi:noNamespaceSchemaLocation="https://maven.apache.org/surefire/maven-surefire-plugin/xsd/surefire-test-report-3.0.xsd" version="3.0" name="com.adobe.aem.analyser.AemAggregatorTest" time="0.459" tests="6" errors="0" skipped="0" failures="0">
  <properties>
    <property name="awt.toolkit" value="sun.awt.X11.XToolkit"/>
    <property name="java.specification.version" value="11"/>
    <property name="sun.cpu.isalist" value=""/>
    <property name="sun.jnu.encoding" value="UTF-8"/>
    <property name="java.class.path" value="/root/aemanalyser-maven-plugin/aemanalyser-core/target/test-classes:/root/aemanalyser-maven-plugin/aemanalyser-core/target/classes:/root/.m2/repository/org/slf4j/slf4j-api/1.7.26/slf4j-api-1.7.26.jar:/root/.m2/repository/org/apache/sling/org.apache.sling.feature/2.0.0/org.apache.sling.feature-2.0.0.jar:/root/.m2/repository/org/osgi/org.osgi.resource/1.0.0/org.osgi.resource-1.0.0.jar:/root/.m2/repository/org/apache/sling/org.apache.sling.feature.analyser/2.0.0/org.apache.sling.feature.analyser-2.0.0.jar:/root/.m2/repository/org/apache/sling/org.apache.sling.feature.extension.apiregions/2.0.0/org.apache.sling.feature.extension.apiregions-2.0.0.jar:/root/.m2/repository/org/apache/sling/org.apache.sling.feature.cpconverter/1.3.0/org.apache.sling.feature.cpconverter-1.3.0.jar:/root/.m2/repository/jakarta/json/jakarta.json-api/2.0.2/jakarta.json-api-2.0.2.jar:/root/.m2/repository/org/apache/johnzon/johnzon-core/1.2.19/johnzon-core-1.2.19-jakarta.jar:/root/.m2/repository/org/apache/jackrabbit/vault/org.apache.jackrabbit.vault/3.6.0/org.apache.jackrabbit.vault-3.6.0.jar:/root/.m2/repository/org/apache/jackrabbit/vault/vault-validation/3.6.0/vault-validation-3.6.0.jar:/root/.m2/repository/org/apache/commons/commons-lang3/3.6/commons-lang3-3.6.jar:/root/.m2/repository/org/apache/maven/maven-artifact/3.8.4/maven-artifact-3.8.4.jar:/root/.m2/repository/org/codehaus/plexus/plexus-utils/3.3.0/plexus-utils-3.3.0.jar:/root/.m2/repository/net/java/dev/stax-utils/stax-utils/20040917/stax-utils-20040917.jar:/root/.m2/repository/org/apache/jackrabbit/jackrabbit-spi-commons/2.20.4/jackrabbit-spi-commons-2.20.4.jar:/root/.m2/repository/org/apache/jackrabbit/jackrabbit-spi/2.20.4/jackrabbit-spi-2.20.4.jar:/root/.m2/repository/org/apache/jackrabbit/jackrabbit-jcr-commons/2.20.4/jackrabbit-jcr-commons-2.20.4.jar:/root/.m2/repository/commons-collections/commons-collections/3.2.2/commons-collections-3.2.2.jar:/root/.m2/repository/javax/jcr/jcr/2.0/jcr-2.0.jar:/root/.m2/repository/commons-io/commons-io/2.11.0/commons-io-2.11.0.jar:/root/.m2/repository/org/apache/sling/org.apache.sling.repoinit.parser/1.7.0/org.apache.sling.repoinit.parser-1.7.0.jar:/root/.m2/repository/org/osgi/org.osgi.util.converter/1.0.9/org.osgi.util.converter-1.0.9.jar:/root/.m2/repository/org/apache/felix/org.apache.felix.utils/1.11.8/org.apache.felix.utils-1.11.8.jar:/root/.m2/repository/org/osgi/org.osgi.util.function/1.0.0/org.osgi.util.function-1.0.0.jar:/root/.m2/repository/org/osgi/org.osgi.framework/1.9.0/org.osgi.framework-1.9.0.jar:/root/.m2/repository/org/osgi/org.osgi.dto/1.1.0/org.osgi.dto-1.1.0.jar:/root/.m2/repository/org/apache/felix/org.apache.felix.configadmin/1.9.22/org.apache.felix.configadmin-1.9.22.jar:/root/.m2/repository/org/apache/felix/org.apache.felix.cm.json/2.0.0/org.apache.felix.cm.json-2.0.0.jar:/root/.m2/repository/org/apache/jackrabbit/oak-jackrabbit-api/1.42.0/oak-jackrabbit-api-1.42.0.jar:/root/.m2/repository/org/apache/sling/org.apache.sling.jcr.contentparser/1.2.6/org.apache.sling.jcr.contentparser-1.2.6.jar:/root/.m2/repository/org/apache/jackrabbit/jackrabbit-api/2.8.0/jackrabbit-api-2.8.0.jar:/root/.m2/repository/org/apache/sling/org.apache.sling.jcr.contentloader/2.6.0/org.apache.sling.jcr.contentloader-2.6.0.jar:/root/.m2/repository/org/apache/sling/org.apache.sling.commons.osgi/2.4.0/org.apache.sling.commons.osgi-2.4.0.jar:/root/.m2/repository/org/apache/sling/org.apache.sling.contentparser.api/2.0.0/org.apache.sling.contentparser.api-2.0.0.jar:/root/.m2/repository/org/apache/sling/org.apache.sling.contentparser.json/2.0.0/org.apache.sling.contentparser.json-2.0.0.jar:/root/.m2/repository/org/apache/jackrabbit/jackrabbit-jcr2spi/2.21.3/jackrabbit-jcr2spi-2.21.3.jar:/root/.m2/repository/org/apache/felix/org.apache.felix.configadmin.plugin.interpolation/1.2.4/org.apache.felix.configadmin.plugin.interpolation-1.2.4.jar:/root/.m2/repository/junit/junit/4.13.2/junit-4.13.2.jar:/root/.m2/repository/org/hamcrest/hamcrest-core/1.3/hamcrest-core-1.3.jar:/root/.m2/repository/org/mockito/mockito-core/4.2.0/mockito-core-4.2.0.jar:/root/.m2/repository/net/bytebuddy/byte-buddy/1.12.4/byte-buddy-1.12.4.jar:/root/.m2/repository/net/bytebuddy/byte-buddy-agent/1.12.4/byte-buddy-agent-1.12.4.jar:/root/.m2/repository/org/objenesis/objenesis/3.2/objenesis-3.2.jar:/root/.m2/repository/org/slf4j/slf4j-simple/1.7.26/slf4j-simple-1.7.26.jar:"/>
    <property name="java.vm.vendor" value="Ubuntu"/>
    <property name="sun.arch.data.model" value="64"/>
    <property name="java.vendor.url" value="https://ubuntu.com/"/>
    <property name="user.timezone" value=""/>
    <property name="java.vm.specification.version" value="11"/>
    <property name="os.name" value="Linux"/>
    <property name="sun.java.launcher" value="SUN_STANDARD"/>
    <property name="sun.boot.library.path" value="/usr/lib/jvm/java-11-openjdk-amd64/lib"/>
    <property name="sun.java.command" value="/root/aemanalyser-maven-plugin/aemanalyser-core/target/surefire/surefirebooter-20230302141254695_3.jar /root/aemanalyser-maven-plugin/aemanalyser-core/target/surefire 2023-03-02T14-12-54_241-jvmRun1 surefire-20230302141254695_1tmp surefire_0-20230302141254695_2tmp"/>
    <property name="jdk.debug" value="release"/>
    <property name="surefire.test.class.path" value="/root/aemanalyser-maven-plugin/aemanalyser-core/target/test-classes:/root/aemanalyser-maven-plugin/aemanalyser-core/target/classes:/root/.m2/repository/org/slf4j/slf4j-api/1.7.26/slf4j-api-1.7.26.jar:/root/.m2/repository/org/apache/sling/org.apache.sling.feature/2.0.0/org.apache.sling.feature-2.0.0.jar:/root/.m2/repository/org/osgi/org.osgi.resource/1.0.0/org.osgi.resource-1.0.0.jar:/root/.m2/repository/org/apache/sling/org.apache.sling.feature.analyser/2.0.0/org.apache.sling.feature.analyser-2.0.0.jar:/root/.m2/repository/org/apache/sling/org.apache.sling.feature.extension.apiregions/2.0.0/org.apache.sling.feature.extension.apiregions-2.0.0.jar:/root/.m2/repository/org/apache/sling/org.apache.sling.feature.cpconverter/1.3.0/org.apache.sling.feature.cpconverter-1.3.0.jar:/root/.m2/repository/jakarta/json/jakarta.json-api/2.0.2/jakarta.json-api-2.0.2.jar:/root/.m2/repository/org/apache/johnzon/johnzon-core/1.2.19/johnzon-core-1.2.19-jakarta.jar:/root/.m2/repository/org/apache/jackrabbit/vault/org.apache.jackrabbit.vault/3.6.0/org.apache.jackrabbit.vault-3.6.0.jar:/root/.m2/repository/org/apache/jackrabbit/vault/vault-validation/3.6.0/vault-validation-3.6.0.jar:/root/.m2/repository/org/apache/commons/commons-lang3/3.6/commons-lang3-3.6.jar:/root/.m2/repository/org/apache/maven/maven-artifact/3.8.4/maven-artifact-3.8.4.jar:/root/.m2/repository/org/codehaus/plexus/plexus-utils/3.3.0/plexus-utils-3.3.0.jar:/root/.m2/repository/net/java/dev/stax-utils/stax-utils/20040917/stax-utils-20040917.jar:/root/.m2/repository/org/apache/jackrabbit/jackrabbit-spi-commons/2.20.4/jackrabbit-spi-commons-2.20.4.jar:/root/.m2/repository/org/apache/jackrabbit/jackrabbit-spi/2.20.4/jackrabbit-spi-2.20.4.jar:/root/.m2/repository/org/apache/jackrabbit/jackrabbit-jcr-commons/2.20.4/jackrabbit-jcr-commons-2.20.4.jar:/root/.m2/repository/commons-collections/commons-collections/3.2.2/commons-collections-3.2.2.jar:/root/.m2/repository/javax/jcr/jcr/2.0/jcr-2.0.jar:/root/.m2/repository/commons-io/commons-io/2.11.0/commons-io-2.11.0.jar:/root/.m2/repository/org/apache/sling/org.apache.sling.repoinit.parser/1.7.0/org.apache.sling.repoinit.parser-1.7.0.jar:/root/.m2/repository/org/osgi/org.osgi.util.converter/1.0.9/org.osgi.util.converter-1.0.9.jar:/root/.m2/repository/org/apache/felix/org.apache.felix.utils/1.11.8/org.apache.felix.utils-1.11.8.jar:/root/.m2/repository/org/osgi/org.osgi.util.function/1.0.0/org.osgi.util.function-1.0.0.jar:/root/.m2/repository/org/osgi/org.osgi.framework/1.9.0/org.osgi.framework-1.9.0.jar:/root/.m2/repository/org/osgi/org.osgi.dto/1.1.0/org.osgi.dto-1.1.0.jar:/root/.m2/repository/org/apache/felix/org.apache.felix.configadmin/1.9.22/org.apache.felix.configadmin-1.9.22.jar:/root/.m2/repository/org/apache/felix/org.apache.felix.cm.json/2.0.0/org.apache.felix.cm.json-2.0.0.jar:/root/.m2/repository/org/apache/jackrabbit/oak-jackrabbit-api/1.42.0/oak-jackrabbit-api-1.42.0.jar:/root/.m2/repository/org/apache/sling/org.apache.sling.jcr.contentparser/1.2.6/org.apache.sling.jcr.contentparser-1.2.6.jar:/root/.m2/repository/org/apache/jackrabbit/jackrabbit-api/2.8.0/jackrabbit-api-2.8.0.jar:/root/.m2/repository/org/apache/sling/org.apache.sling.jcr.contentloader/2.6.0/org.apache.sling.jcr.contentloader-2.6.0.jar:/root/.m2/repository/org/apache/sling/org.apache.sling.commons.osgi/2.4.0/org.apache.sling.commons.osgi-2.4.0.jar:/root/.m2/repository/org/apache/sling/org.apache.sling.contentparser.api/2.0.0/org.apache.sling.contentparser.api-2.0.0.jar:/root/.m2/repository/org/apache/sling/org.apache.sling.contentparser.json/2.0.0/org.apache.sling.contentparser.json-2.0.0.jar:/root/.m2/repository/org/apache/jackrabbit/jackrabbit-jcr2spi/2.21.3/jackrabbit-jcr2spi-2.21.3.jar:/root/.m2/repository/org/apache/felix/org.apache.felix.configadmin.plugin.interpolation/1.2.4/org.apache.felix.configadmin.plugin.interpolation-1.2.4.jar:/root/.m2/repository/junit/junit/4.13.2/junit-4.13.2.jar:/root/.m2/repository/org/hamcrest/hamcrest-core/1.3/hamcrest-core-1.3.jar:/root/.m2/repository/org/mockito/mockito-core/4.2.0/mockito-core-4.2.0.jar:/root/.m2/repository/net/bytebuddy/byte-buddy/1.12.4/byte-buddy-1.12.4.jar:/root/.m2/repository/net/bytebuddy/byte-buddy-agent/1.12.4/byte-buddy-agent-1.12.4.jar:/root/.m2/repository/org/objenesis/objenesis/3.2/objenesis-3.2.jar:/root/.m2/repository/org/slf4j/slf4j-simple/1.7.26/slf4j-simple-1.7.26.jar:"/>
    <property name="sun.cpu.endian" value="little"/>
    <property name="user.home" value="/root"/>
    <property name="user.language" value="en"/>
    <property name="java.specification.vendor" value="Oracle Corporation"/>
    <property name="java.version.date" value="2023-01-17"/>
    <property name="java.home" value="/usr/lib/jvm/java-11-openjdk-amd64"/>
    <property name="file.separator" value="/"/>
    <property name="basedir" value="/root/aemanalyser-maven-plugin/aemanalyser-core"/>
    <property name="java.vm.compressedOopsMode" value="32-bit"/>
    <property name="line.separator" value="&#10;"/>
    <property name="java.specification.name" value="Java Platform API Specification"/>
    <property name="java.vm.specification.vendor" value="Oracle Corporation"/>
    <property name="java.awt.graphicsenv" value="sun.awt.X11GraphicsEnvironment"/>
    <property name="surefire.real.class.path" value="/root/aemanalyser-maven-plugin/aemanalyser-core/target/surefire/surefirebooter-20230302141254695_3.jar"/>
    <property name="sun.management.compiler" value="HotSpot 64-Bit Tiered Compilers"/>
    <property name="java.runtime.version" value="11.0.18+10-post-Ubuntu-0ubuntu122.04"/>
    <property name="user.name" value="root"/>
    <property name="path.separator" value=":"/>
    <property name="os.version" value="5.15.0-1028-aws"/>
    <property name="java.runtime.name" value="OpenJDK Runtime Environment"/>
    <property name="file.encoding" value="UTF-8"/>
    <property name="java.vm.name" value="OpenJDK 64-Bit Server VM"/>
    <property name="localRepository" value="/root/.m2/repository"/>
    <property name="java.vendor.url.bug" value="https://bugs.launchpad.net/ubuntu/+source/openjdk-lts"/>
    <property name="java.io.tmpdir" value="/tmp"/>
    <property name="java.version" value="11.0.18"/>
    <property name="user.dir" value="/root/aemanalyser-maven-plugin/aemanalyser-core"/>
    <property name="os.arch" value="amd64"/>
    <property name="java.vm.specification.name" value="Java Virtual Machine Specification"/>
    <property name="java.awt.printerjob" value="sun.print.PSPrinterJob"/>
    <property name="sun.os.patch.level" value="unknown"/>
    <property name="java.library.path" value="/usr/java/packages/lib:/usr/lib/x86_64-linux-gnu/jni:/lib/x86_64-linux-gnu:/usr/lib/x86_64-linux-gnu:/usr/lib/jni:/lib:/usr/lib"/>
    <property name="java.vm.info" value="mixed mode, sharing"/>
    <property name="java.vendor" value="Ubuntu"/>
    <property name="java.vm.version" value="11.0.18+10-post-Ubuntu-0ubuntu122.04"/>
    <property name="sun.io.unicode.encoding" value="UnicodeLittle"/>
    <property name="java.class.version" value="55.0"/>
  </properties>
  <testcase name="testProductAggregates" classname="com.adobe.aem.analyser.AemAggregatorTest" time="0.098"/>
  <testcase name="testUserAggregates1" classname="com.adobe.aem.analyser.AemAggregatorTest" time="0.057">
    <system-err><![CDATA[[main] INFO com.adobe.aem.analyser.RunmodeMappingUserFeatureAggregator - For aggregate user-aggregated-author got entries [test1.all.json]
[main] INFO com.adobe.aem.analyser.RunmodeMappingUserFeatureAggregator - For aggregate user-aggregated-publish got entries [test1.all.json]
]]></system-err>
  </testcase>
  <testcase name="testUserAggregates2" classname="com.adobe.aem.analyser.AemAggregatorTest" time="0.066">
    <system-err><![CDATA[[main] INFO com.adobe.aem.analyser.RunmodeMappingUserFeatureAggregator - For aggregate user-aggregated-author got entries [test1.all.json, test1.author.json]
[main] INFO com.adobe.aem.analyser.RunmodeMappingUserFeatureAggregator - For aggregate user-aggregated-author.prod got entries [test1.all.json, test1.author.json, test1.author-prod.json]
[main] INFO com.adobe.aem.analyser.RunmodeMappingUserFeatureAggregator - For aggregate user-aggregated-publish got entries [test1.all.json]
]]></system-err>
  </testcase>
  <testcase name="testPostProcessProductFeatureNoRules" classname="com.adobe.aem.analyser.AemAggregatorTest" time="0.076"/>
  <testcase name="testPostProcessProductFeatureRules" classname="com.adobe.aem.analyser.AemAggregatorTest" time="0.029"/>
  <testcase name="testFinalAggregates" classname="com.adobe.aem.analyser.AemAggregatorTest" time="0.005"/>
</testsuite>